C:\Program Files (x86)\Microsoft Visual Studio\2019\Community\MSBuild\Microsoft\VC\v160\Microsoft.CppBuild.targets(513,5): warning MSB8028: El directorio intermedio (Debug\) contiene archivos compartidos de otro proyecto (NavesL4.vcxproj, plataformas.vcxproj). Esto puede dar lugar a un comportamiento incorrecto de limpieza y recompilación.
  Actor.cpp
C:\Users\diego\OneDrive\Escritorio\SEV\juegoLibre\juegoLibre\Actor.cpp(13,12): warning C4244: '=': conversión de 'float' a 'int'; posible pérdida de datos
C:\Users\diego\OneDrive\Escritorio\SEV\juegoLibre\juegoLibre\Actor.cpp(14,12): warning C4244: '=': conversión de 'float' a 'int'; posible pérdida de datos
C:\Users\diego\OneDrive\Escritorio\SEV\juegoLibre\juegoLibre\Actor.cpp(33,32): warning C4244: '=': conversión de 'float' a 'int'; posible pérdida de datos
C:\Users\diego\OneDrive\Escritorio\SEV\juegoLibre\juegoLibre\Actor.cpp(34,33): warning C4244: '=': conversión de 'float' a 'int'; posible pérdida de datos
  Animation.cpp
C:\Users\diego\OneDrive\Escritorio\SEV\juegoLibre\juegoLibre\Animation.cpp(11,21): warning C4244: '=': conversión de 'float' a 'int'; posible pérdida de datos
C:\Users\diego\OneDrive\Escritorio\SEV\juegoLibre\juegoLibre\Animation.cpp(12,22): warning C4244: '=': conversión de 'float' a 'int'; posible pérdida de datos
C:\Users\diego\OneDrive\Escritorio\SEV\juegoLibre\juegoLibre\Animation.cpp(13,20): warning C4244: '=': conversión de 'float' a 'int'; posible pérdida de datos
C:\Users\diego\OneDrive\Escritorio\SEV\juegoLibre\juegoLibre\Animation.cpp(14,21): warning C4244: '=': conversión de 'float' a 'int'; posible pérdida de datos
C:\Users\diego\OneDrive\Escritorio\SEV\juegoLibre\juegoLibre\Animation.cpp(29,13): warning C4244: '=': conversión de 'float' a 'int'; posible pérdida de datos
C:\Users\diego\OneDrive\Escritorio\SEV\juegoLibre\juegoLibre\Animation.cpp(30,13): warning C4244: '=': conversión de 'float' a 'int'; posible pérdida de datos
C:\Users\diego\OneDrive\Escritorio\SEV\juegoLibre\juegoLibre\Animation.cpp(54,26): warning C4244: '=': conversión de 'float' a 'int'; posible pérdida de datos
C:\Users\diego\OneDrive\Escritorio\SEV\juegoLibre\juegoLibre\Animation.cpp(62,20): warning C4244: '=': conversión de 'float' a 'int'; posible pérdida de datos
C:\Users\diego\OneDrive\Escritorio\SEV\juegoLibre\juegoLibre\Animation.cpp(63,20): warning C4244: '=': conversión de 'float' a 'int'; posible pérdida de datos
  Audio.cpp
C:\Users\diego\OneDrive\Escritorio\SEV\juegoLibre\juegoLibre\Audio.h(6,10): warning C4067: símbolos (token) inesperados después de la directiva del preprocesador; se esperaba una nueva línea
  Background.cpp
C:\Users\diego\OneDrive\Escritorio\SEV\juegoLibre\juegoLibre\Background.cpp(19,9): warning C4244: '=': conversión de 'float' a 'int'; posible pérdida de datos
  Enemy.cpp
  Game.cpp
C:\Users\diego\OneDrive\Escritorio\SEV\juegoLibre\juegoLibre\Audio.h(6,10): warning C4067: símbolos (token) inesperados después de la directiva del preprocesador; se esperaba una nueva línea
C:\Users\diego\OneDrive\Escritorio\SEV\juegoLibre\juegoLibre\Game.cpp(68,56): warning C4244: 'argumento': conversión de 'float' a 'int'; posible pérdida de datos
C:\Users\diego\OneDrive\Escritorio\SEV\juegoLibre\juegoLibre\Game.cpp(68,35): warning C4244: 'argumento': conversión de 'float' a 'int'; posible pérdida de datos
  GameLayer.cpp
C:\Users\diego\OneDrive\Escritorio\SEV\juegoLibre\juegoLibre\Audio.h(6,10): warning C4067: símbolos (token) inesperados después de la directiva del preprocesador; se esperaba una nueva línea
C:\Users\diego\OneDrive\Escritorio\SEV\juegoLibre\juegoLibre\GameLayer.cpp(14,95): warning C4305: 'argumento': truncamiento de 'double' a 'float'
C:\Users\diego\OneDrive\Escritorio\SEV\juegoLibre\juegoLibre\GameLayer.cpp(25,66): warning C4305: 'argumento': truncamiento de 'double' a 'float'
C:\Users\diego\OneDrive\Escritorio\SEV\juegoLibre\juegoLibre\GameLayer.cpp(29,78): warning C4305: 'argumento': truncamiento de 'double' a 'float'
C:\Users\diego\OneDrive\Escritorio\SEV\juegoLibre\juegoLibre\GameLayer.cpp(63,13): warning C4244: 'inicializando': conversión de 'int' a 'float'; posible pérdida de datos
C:\Users\diego\OneDrive\Escritorio\SEV\juegoLibre\juegoLibre\GameLayer.cpp(64,13): warning C4244: 'inicializando': conversión de 'int' a 'float'; posible pérdida de datos
C:\Users\diego\OneDrive\Escritorio\SEV\juegoLibre\juegoLibre\GameLayer.cpp(196,35): warning C4244: 'argumento': conversión de 'float' a 'int'; posible pérdida de datos
C:\Users\diego\OneDrive\Escritorio\SEV\juegoLibre\juegoLibre\GameLayer.cpp(196,26): warning C4244: 'argumento': conversión de 'float' a 'int'; posible pérdida de datos
C:\Users\diego\OneDrive\Escritorio\SEV\juegoLibre\juegoLibre\GameLayer.cpp(199,39): warning C4244: '=': conversión de 'float' a 'int'; posible pérdida de datos
C:\Users\diego\OneDrive\Escritorio\SEV\juegoLibre\juegoLibre\GameLayer.cpp(202,43): warning C4244: 'argumento': conversión de 'float' a 'int'; posible pérdida de datos
C:\Users\diego\OneDrive\Escritorio\SEV\juegoLibre\juegoLibre\GameLayer.cpp(202,34): warning C4244: 'argumento': conversión de 'float' a 'int'; posible pérdida de datos
C:\Users\diego\OneDrive\Escritorio\SEV\juegoLibre\juegoLibre\GameLayer.cpp(205,42): warning C4244: 'argumento': conversión de 'float' a 'int'; posible pérdida de datos
C:\Users\diego\OneDrive\Escritorio\SEV\juegoLibre\juegoLibre\GameLayer.cpp(205,33): warning C4244: 'argumento': conversión de 'float' a 'int'; posible pérdida de datos
C:\Users\diego\OneDrive\Escritorio\SEV\juegoLibre\juegoLibre\GameLayer.cpp(212,51): warning C4244: 'argumento': conversión de 'float' a 'int'; posible pérdida de datos
C:\Users\diego\OneDrive\Escritorio\SEV\juegoLibre\juegoLibre\GameLayer.cpp(212,42): warning C4244: 'argumento': conversión de 'float' a 'int'; posible pérdida de datos
C:\Users\diego\OneDrive\Escritorio\SEV\juegoLibre\juegoLibre\GameLayer.cpp(213,39): warning C4244: '=': conversión de 'float' a 'int'; posible pérdida de datos
C:\Users\diego\OneDrive\Escritorio\SEV\juegoLibre\juegoLibre\GameLayer.cpp(225,43): warning C4244: 'argumento': conversión de 'float' a 'int'; posible pérdida de datos
C:\Users\diego\OneDrive\Escritorio\SEV\juegoLibre\juegoLibre\GameLayer.cpp(225,34): warning C4244: 'argumento': conversión de 'float' a 'int'; posible pérdida de datos
C:\Users\diego\OneDrive\Escritorio\SEV\juegoLibre\juegoLibre\GameLayer.cpp(228,42): warning C4244: 'argumento': conversión de 'float' a 'int'; posible pérdida de datos
C:\Users\diego\OneDrive\Escritorio\SEV\juegoLibre\juegoLibre\GameLayer.cpp(228,33): warning C4244: 'argumento': conversión de 'float' a 'int'; posible pérdida de datos
C:\Users\diego\OneDrive\Escritorio\SEV\juegoLibre\juegoLibre\GameLayer.cpp(235,35): warning C4244: 'argumento': conversión de 'float' a 'int'; posible pérdida de datos
C:\Users\diego\OneDrive\Escritorio\SEV\juegoLibre\juegoLibre\GameLayer.cpp(235,26): warning C4244: 'argumento': conversión de 'float' a 'int'; posible pérdida de datos
C:\Users\diego\OneDrive\Escritorio\SEV\juegoLibre\juegoLibre\GameLayer.cpp(241,43): warning C4244: 'argumento': conversión de 'float' a 'int'; posible pérdida de datos
C:\Users\diego\OneDrive\Escritorio\SEV\juegoLibre\juegoLibre\GameLayer.cpp(241,34): warning C4244: 'argumento': conversión de 'float' a 'int'; posible pérdida de datos
C:\Users\diego\OneDrive\Escritorio\SEV\juegoLibre\juegoLibre\GameLayer.cpp(244,42): warning C4244: 'argumento': conversión de 'float' a 'int'; posible pérdida de datos
C:\Users\diego\OneDrive\Escritorio\SEV\juegoLibre\juegoLibre\GameLayer.cpp(244,33): warning C4244: 'argumento': conversión de 'float' a 'int'; posible pérdida de datos
C:\Users\diego\OneDrive\Escritorio\SEV\juegoLibre\juegoLibre\GameLayer.cpp(464,24): warning C4244: '=': conversión de 'double' a 'float'; posible pérdida de datos
C:\Users\diego\OneDrive\Escritorio\SEV\juegoLibre\juegoLibre\GameLayer.cpp(471,24): warning C4244: '=': conversión de 'double' a 'float'; posible pérdida de datos
C:\Users\diego\OneDrive\Escritorio\SEV\juegoLibre\juegoLibre\GameLayer.cpp(478,24): warning C4244: '=': conversión de 'double' a 'float'; posible pérdida de datos
C:\Users\diego\OneDrive\Escritorio\SEV\juegoLibre\juegoLibre\GameLayer.cpp(485,24): warning C4244: '=': conversión de 'double' a 'float'; posible pérdida de datos
  Item.cpp
  Layer.cpp
  Main.cpp
  MenuLayer.cpp
C:\Users\diego\OneDrive\Escritorio\SEV\juegoLibre\juegoLibre\MenuLayer.cpp(91,38): warning C4244: 'argumento': conversión de 'float' a 'int'; posible pérdida de datos
C:\Users\diego\OneDrive\Escritorio\SEV\juegoLibre\juegoLibre\MenuLayer.cpp(91,29): warning C4244: 'argumento': conversión de 'float' a 'int'; posible pérdida de datos
  NormalEnemy.cpp
C:\Users\diego\OneDrive\Escritorio\SEV\juegoLibre\juegoLibre\NormalEnemy.cpp(7,57): warning C4244: 'argumento': conversión de 'int' a 'float'; posible pérdida de datos
C:\Users\diego\OneDrive\Escritorio\SEV\juegoLibre\juegoLibre\NormalEnemy.cpp(7,50): warning C4244: 'argumento': conversión de 'int' a 'float'; posible pérdida de datos
C:\Users\diego\OneDrive\Escritorio\SEV\juegoLibre\juegoLibre\NormalEnemy.cpp(9,63): warning C4244: 'argumento': conversión de 'int' a 'float'; posible pérdida de datos
C:\Users\diego\OneDrive\Escritorio\SEV\juegoLibre\juegoLibre\NormalEnemy.cpp(9,56): warning C4244: 'argumento': conversión de 'int' a 'float'; posible pérdida de datos
  Pad.cpp
  Player.cpp
C:\Users\diego\OneDrive\Escritorio\SEV\juegoLibre\juegoLibre\Audio.h(6,10): warning C4067: símbolos (token) inesperados después de la directiva del preprocesador; se esperaba una nueva línea
C:\Users\diego\OneDrive\Escritorio\SEV\juegoLibre\juegoLibre\Player.cpp(11,10): warning C4244: 'argumento': conversión de 'int' a 'float'; posible pérdida de datos
C:\Users\diego\OneDrive\Escritorio\SEV\juegoLibre\juegoLibre\Player.cpp(11,3): warning C4244: 'argumento': conversión de 'int' a 'float'; posible pérdida de datos
C:\Users\diego\OneDrive\Escritorio\SEV\juegoLibre\juegoLibre\Player.cpp(13,10): warning C4244: 'argumento': conversión de 'int' a 'float'; posible pérdida de datos
C:\Users\diego\OneDrive\Escritorio\SEV\juegoLibre\juegoLibre\Player.cpp(13,3): warning C4244: 'argumento': conversión de 'int' a 'float'; posible pérdida de datos
C:\Users\diego\OneDrive\Escritorio\SEV\juegoLibre\juegoLibre\Player.cpp(16,10): warning C4244: 'argumento': conversión de 'int' a 'float'; posible pérdida de datos
C:\Users\diego\OneDrive\Escritorio\SEV\juegoLibre\juegoLibre\Player.cpp(16,3): warning C4244: 'argumento': conversión de 'int' a 'float'; posible pérdida de datos
C:\Users\diego\OneDrive\Escritorio\SEV\juegoLibre\juegoLibre\Player.cpp(18,10): warning C4244: 'argumento': conversión de 'int' a 'float'; posible pérdida de datos
C:\Users\diego\OneDrive\Escritorio\SEV\juegoLibre\juegoLibre\Player.cpp(18,3): warning C4244: 'argumento': conversión de 'int' a 'float'; posible pérdida de datos
C:\Users\diego\OneDrive\Escritorio\SEV\juegoLibre\juegoLibre\Player.cpp(19,68): warning C4244: 'argumento': conversión de 'int' a 'float'; posible pérdida de datos
C:\Users\diego\OneDrive\Escritorio\SEV\juegoLibre\juegoLibre\Player.cpp(19,61): warning C4244: 'argumento': conversión de 'int' a 'float'; posible pérdida de datos
C:\Users\diego\OneDrive\Escritorio\SEV\juegoLibre\juegoLibre\Player.cpp(21,69): warning C4244: 'argumento': conversión de 'int' a 'float'; posible pérdida de datos
C:\Users\diego\OneDrive\Escritorio\SEV\juegoLibre\juegoLibre\Player.cpp(21,62): warning C4244: 'argumento': conversión de 'int' a 'float'; posible pérdida de datos
C:\Users\diego\OneDrive\Escritorio\SEV\juegoLibre\juegoLibre\Player.cpp(23,76): warning C4244: 'argumento': conversión de 'int' a 'float'; posible pérdida de datos
C:\Users\diego\OneDrive\Escritorio\SEV\juegoLibre\juegoLibre\Player.cpp(23,69): warning C4244: 'argumento': conversión de 'int' a 'float'; posible pérdida de datos
C:\Users\diego\OneDrive\Escritorio\SEV\juegoLibre\juegoLibre\Player.cpp(25,77): warning C4244: 'argumento': conversión de 'int' a 'float'; posible pérdida de datos
C:\Users\diego\OneDrive\Escritorio\SEV\juegoLibre\juegoLibre\Player.cpp(25,70): warning C4244: 'argumento': conversión de 'int' a 'float'; posible pérdida de datos
C:\Users\diego\OneDrive\Escritorio\SEV\juegoLibre\juegoLibre\Player.cpp(27,77): warning C4244: 'argumento': conversión de 'int' a 'float'; posible pérdida de datos
C:\Users\diego\OneDrive\Escritorio\SEV\juegoLibre\juegoLibre\Player.cpp(27,70): warning C4244: 'argumento': conversión de 'int' a 'float'; posible pérdida de datos
C:\Users\diego\OneDrive\Escritorio\SEV\juegoLibre\juegoLibre\Player.cpp(137,74): warning C4244: 'argumento': conversión de 'int' a 'float'; posible pérdida de datos
C:\Users\diego\OneDrive\Escritorio\SEV\juegoLibre\juegoLibre\Player.cpp(137,71): warning C4244: 'argumento': conversión de 'int' a 'float'; posible pérdida de datos
  Projectile.cpp
  ShootEnemy.cpp
C:\Users\diego\OneDrive\Escritorio\SEV\juegoLibre\juegoLibre\ShootEnemy.cpp(8,56): warning C4244: 'argumento': conversión de 'int' a 'float'; posible pérdida de datos
C:\Users\diego\OneDrive\Escritorio\SEV\juegoLibre\juegoLibre\ShootEnemy.cpp(8,49): warning C4244: 'argumento': conversión de 'int' a 'float'; posible pérdida de datos
C:\Users\diego\OneDrive\Escritorio\SEV\juegoLibre\juegoLibre\ShootEnemy.cpp(42,72): warning C4244: 'argumento': conversión de 'int' a 'float'; posible pérdida de datos
C:\Users\diego\OneDrive\Escritorio\SEV\juegoLibre\juegoLibre\ShootEnemy.cpp(42,69): warning C4244: 'argumento': conversión de 'int' a 'float'; posible pérdida de datos
  Space.cpp
C:\Users\diego\OneDrive\Escritorio\SEV\juegoLibre\juegoLibre\Space.cpp(32,30): warning C4244: 'inicializando': conversión de 'float' a 'int'; posible pérdida de datos
C:\Users\diego\OneDrive\Escritorio\SEV\juegoLibre\juegoLibre\Space.cpp(62,26): warning C4244: '=': conversión de 'int' a 'float'; posible pérdida de datos
C:\Users\diego\OneDrive\Escritorio\SEV\juegoLibre\juegoLibre\Space.cpp(69,30): warning C4244: 'inicializando': conversión de 'float' a 'int'; posible pérdida de datos
C:\Users\diego\OneDrive\Escritorio\SEV\juegoLibre\juegoLibre\Space.cpp(101,26): warning C4244: '=': conversión de 'int' a 'float'; posible pérdida de datos
C:\Users\diego\OneDrive\Escritorio\SEV\juegoLibre\juegoLibre\Space.cpp(108,30): warning C4244: 'inicializando': conversión de 'float' a 'int'; posible pérdida de datos
C:\Users\diego\OneDrive\Escritorio\SEV\juegoLibre\juegoLibre\Space.cpp(140,26): warning C4244: '=': conversión de 'int' a 'float'; posible pérdida de datos
C:\Users\diego\OneDrive\Escritorio\SEV\juegoLibre\juegoLibre\Space.cpp(148,30): warning C4244: 'inicializando': conversión de 'float' a 'int'; posible pérdida de datos
C:\Users\diego\OneDrive\Escritorio\SEV\juegoLibre\juegoLibre\Space.cpp(181,26): warning C4244: '=': conversión de 'int' a 'float'; posible pérdida de datos
  Text.cpp
C:\Users\diego\OneDrive\Escritorio\SEV\juegoLibre\juegoLibre\Text.cpp(5,12): warning C4244: '=': conversión de 'float' a 'int'; posible pérdida de datos
C:\Users\diego\OneDrive\Escritorio\SEV\juegoLibre\juegoLibre\Text.cpp(6,12): warning C4244: '=': conversión de 'float' a 'int'; posible pérdida de datos
  Tile.cpp
  Generando código...
  juegoLibre.vcxproj -> C:\Users\diego\OneDrive\Escritorio\SEV\juegoLibre\Debug\juegoLibre.exe
